  main.cpp
E:\Uni\CMP316 - engine development\ScribeEngine\CMP316-Coursework\CMP316-Coursework\main.cpp(17,57): warning C4305: 'argument': truncation from 'double' to 'float'
E:\Uni\CMP316 - engine development\ScribeEngine\CMP316-Coursework\CMP316-Coursework\main.cpp(18,67): warning C4305: 'argument': truncation from 'double' to 'float'
E:\Uni\CMP316 - engine development\ScribeEngine\CMP316-Coursework\CMP316-Coursework\main.cpp(19,65): warning C4305: 'argument': truncation from 'double' to 'float'
E:\Uni\CMP316 - engine development\ScribeEngine\CMP316-Coursework\CMP316-Coursework\main.cpp(20,62): warning C4305: 'argument': truncation from 'double' to 'float'
E:\Uni\CMP316 - engine development\ScribeEngine\CMP316-Coursework\CMP316-Coursework\main.cpp(21,62): warning C4305: 'argument': truncation from 'double' to 'float'
E:\Uni\CMP316 - engine development\ScribeEngine\CMP316-Coursework\CMP316-Coursework\main.cpp(32,25): warning C4305: 'argument': truncation from 'double' to 'float'
E:\Uni\CMP316 - engine development\ScribeEngine\CMP316-Coursework\CMP316-Coursework\main.cpp(49,57): warning C4305: 'argument': truncation from 'double' to 'float'
E:\Uni\CMP316 - engine development\ScribeEngine\CMP316-Coursework\CMP316-Coursework\main.cpp(50,65): warning C4305: 'argument': truncation from 'double' to 'float'
E:\Uni\CMP316 - engine development\ScribeEngine\CMP316-Coursework\CMP316-Coursework\main.cpp(51,63): warning C4305: 'argument': truncation from 'double' to 'float'
E:\Uni\CMP316 - engine development\ScribeEngine\CMP316-Coursework\CMP316-Coursework\main.cpp(52,62): warning C4305: 'argument': truncation from 'double' to 'float'
E:\Uni\CMP316 - engine development\ScribeEngine\CMP316-Coursework\CMP316-Coursework\main.cpp(53,60): warning C4305: 'argument': truncation from 'double' to 'float'
E:\Uni\CMP316 - engine development\ScribeEngine\CMP316-Coursework\CMP316-Coursework\main.cpp(62,25): warning C4305: 'argument': truncation from 'double' to 'float'
E:\Uni\CMP316 - engine development\ScribeEngine\CMP316-Coursework\CMP316-Coursework\main.cpp(125,57): warning C4305: 'argument': truncation from 'double' to 'float'
E:\Uni\CMP316 - engine development\ScribeEngine\CMP316-Coursework\CMP316-Coursework\main.cpp(126,67): warning C4305: 'argument': truncation from 'double' to 'float'
E:\Uni\CMP316 - engine development\ScribeEngine\CMP316-Coursework\CMP316-Coursework\main.cpp(127,65): warning C4305: 'argument': truncation from 'double' to 'float'
E:\Uni\CMP316 - engine development\ScribeEngine\CMP316-Coursework\CMP316-Coursework\main.cpp(128,62): warning C4305: 'argument': truncation from 'double' to 'float'
E:\Uni\CMP316 - engine development\ScribeEngine\CMP316-Coursework\CMP316-Coursework\main.cpp(129,62): warning C4305: 'argument': truncation from 'double' to 'float'
E:\Uni\CMP316 - engine development\ScribeEngine\CMP316-Coursework\CMP316-Coursework\main.cpp(138,26): warning C4305: 'argument': truncation from 'double' to 'float'
E:\Uni\CMP316 - engine development\ScribeEngine\CMP316-Coursework\CMP316-Coursework\main.cpp(141,25): warning C4305: 'argument': truncation from 'double' to 'float'
Engine.lib(String.obj) : warning LNK4099: PDB '' was not found with 'Engine.lib(String.obj)' or at ''; linking object as if no debug info
Engine.lib(Err.obj) : warning LNK4099: PDB '' was not found with 'Engine.lib(Err.obj)' or at ''; linking object as if no debug info
Engine.lib(WglContext.obj) : warning LNK4099: PDB '' was not found with 'Engine.lib(WglContext.obj)' or at ''; linking object as if no debug info
Engine.lib(JoystickImpl.obj) : warning LNK4099: PDB '' was not found with 'Engine.lib(JoystickImpl.obj)' or at ''; linking object as if no debug info
Engine.lib(Shader.obj) : warning LNK4099: PDB '' was not found with 'Engine.lib(Shader.obj)' or at ''; linking object as if no debug info
  CMP316-Coursework.vcxproj -> E:\Uni\CMP316 - engine development\ScribeEngine\CMP316-Coursework\x64\Debug\CMP316-Coursework.exe
