  main.cpp
E:\Uni\CMP316 - engine development\ScribeEngine\CMP316-Coursework\CMP316-Coursework\main.cpp(17,57): warning C4305: 'argument': truncation from 'double' to 'float'
E:\Uni\CMP316 - engine development\ScribeEngine\CMP316-Coursework\CMP316-Coursework\main.cpp(18,67): warning C4305: 'argument': truncation from 'double' to 'float'
E:\Uni\CMP316 - engine development\ScribeEngine\CMP316-Coursework\CMP316-Coursework\main.cpp(19,65): warning C4305: 'argument': truncation from 'double' to 'float'
E:\Uni\CMP316 - engine development\ScribeEngine\CMP316-Coursework\CMP316-Coursework\main.cpp(20,62): warning C4305: 'argument': truncation from 'double' to 'float'
E:\Uni\CMP316 - engine development\ScribeEngine\CMP316-Coursework\CMP316-Coursework\main.cpp(21,62): warning C4305: 'argument': truncation from 'double' to 'float'
E:\Uni\CMP316 - engine development\ScribeEngine\CMP316-Coursework\CMP316-Coursework\main.cpp(32,25): warning C4305: 'argument': truncation from 'double' to 'float'
E:\Uni\CMP316 - engine development\ScribeEngine\CMP316-Coursework\CMP316-Coursework\main.cpp(49,57): warning C4305: 'argument': truncation from 'double' to 'float'
E:\Uni\CMP316 - engine development\ScribeEngine\CMP316-Coursework\CMP316-Coursework\main.cpp(50,65): warning C4305: 'argument': truncation from 'double' to 'float'
E:\Uni\CMP316 - engine development\ScribeEngine\CMP316-Coursework\CMP316-Coursework\main.cpp(51,63): warning C4305: 'argument': truncation from 'double' to 'float'
E:\Uni\CMP316 - engine development\ScribeEngine\CMP316-Coursework\CMP316-Coursework\main.cpp(52,62): warning C4305: 'argument': truncation from 'double' to 'float'
E:\Uni\CMP316 - engine development\ScribeEngine\CMP316-Coursework\CMP316-Coursework\main.cpp(53,60): warning C4305: 'argument': truncation from 'double' to 'float'
E:\Uni\CMP316 - engine development\ScribeEngine\CMP316-Coursework\CMP316-Coursework\main.cpp(62,25): warning C4305: 'argument': truncation from 'double' to 'float'
E:\Uni\CMP316 - engine development\ScribeEngine\CMP316-Coursework\CMP316-Coursework\main.cpp(126,57): warning C4305: 'argument': truncation from 'double' to 'float'
E:\Uni\CMP316 - engine development\ScribeEngine\CMP316-Coursework\CMP316-Coursework\main.cpp(127,67): warning C4305: 'argument': truncation from 'double' to 'float'
E:\Uni\CMP316 - engine development\ScribeEngine\CMP316-Coursework\CMP316-Coursework\main.cpp(128,65): warning C4305: 'argument': truncation from 'double' to 'float'
E:\Uni\CMP316 - engine development\ScribeEngine\CMP316-Coursework\CMP316-Coursework\main.cpp(129,62): warning C4305: 'argument': truncation from 'double' to 'float'
E:\Uni\CMP316 - engine development\ScribeEngine\CMP316-Coursework\CMP316-Coursework\main.cpp(130,62): warning C4305: 'argument': truncation from 'double' to 'float'
E:\Uni\CMP316 - engine development\ScribeEngine\CMP316-Coursework\CMP316-Coursework\main.cpp(138,26): warning C4305: 'argument': truncation from 'double' to 'float'
E:\Uni\CMP316 - engine development\ScribeEngine\CMP316-Coursework\CMP316-Coursework\main.cpp(141,25): warning C4305: 'argument': truncation from 'double' to 'float'
Engine.lib(Input.obj) : error LNK2001: unresolved external symbol "__declspec(dllimport) public: static bool __cdecl sf::Keyboard::isKeyPressed(enum sf::Keyboard::Key)" (__imp_?isKeyPressed@Keyboard@sf@@SA_NW4Key@12@@Z)
Engine.lib(Engine.obj) : error LNK2001: unresolved external symbol "__declspec(dllimport) public: __cdecl sf::RenderWindow::RenderWindow(class sf::VideoMode,class sf::String const &,unsigned int,struct sf::ContextSettings const &)" (__imp_??0RenderWindow@sf@@QEAA@VVideoMode@1@AEBVString@1@IAEBUContextSettings@1@@Z)
Engine.lib(Engine.obj) : error LNK2001: unresolved external symbol "__declspec(dllimport) public: __cdecl sf::String::String(char const *,class std::locale const &)" (__imp_??0String@sf@@QEAA@PEBDAEBVlocale@std@@@Z)
Engine.lib(Engine.obj) : error LNK2001: unresolved external symbol "__declspec(dllimport) public: __cdecl sf::VideoMode::VideoMode(unsigned int,unsigned int,unsigned int)" (__imp_??0VideoMode@sf@@QEAA@III@Z)
Engine.lib(Engine.obj) : error LNK2001: unresolved external symbol "__declspec(dllimport) public: virtual __cdecl sf::RenderWindow::~RenderWindow(void)" (__imp_??1RenderWindow@sf@@UEAA@XZ)
Engine.lib(Engine.obj) : error LNK2001: unresolved external symbol "__declspec(dllimport) public: __cdecl sf::Clock::Clock(void)" (__imp_??0Clock@sf@@QEAA@XZ)
Engine.lib(Engine.obj) : error LNK2001: unresolved external symbol "__declspec(dllimport) public: bool __cdecl sf::WindowBase::isOpen(void)const " (__imp_?isOpen@WindowBase@sf@@QEBA_NXZ)
Engine.lib(Engine.obj) : error LNK2001: unresolved external symbol "__declspec(dllimport) public: float __cdecl sf::Time::asSeconds(void)const " (__imp_?asSeconds@Time@sf@@QEBAMXZ)
Engine.lib(Engine.obj) : error LNK2001: unresolved external symbol "__declspec(dllimport) public: class sf::Time __cdecl sf::Clock::restart(void)" (__imp_?restart@Clock@sf@@QEAA?AVTime@2@XZ)
Engine.lib(Engine.obj) : error LNK2001: unresolved external symbol "__declspec(dllimport) public: void __cdecl sf::RenderTarget::clear(class sf::Color const &)" (__imp_?clear@RenderTarget@sf@@QEAAXAEBVColor@2@@Z)
    Hint on symbols that are defined and could potentially match:
      "__declspec(dllimport) public: void __cdecl std::basic_ios<char,struct std::char_traits<char> >::clear(int,bool)" (__imp_?clear@?$basic_ios@DU?$char_traits@D@std@@@std@@QEAAXH_N@Z)
Engine.lib(Engine.obj) : error LNK2001: unresolved external symbol "__declspec(dllimport) public: __cdecl sf::Color::Color(unsigned char,unsigned char,unsigned char,unsigned char)" (__imp_??0Color@sf@@QEAA@EEEE@Z)
Engine.lib(Engine.obj) : error LNK2001: unresolved external symbol "__declspec(dllimport) public: void __cdecl sf::Window::display(void)" (__imp_?display@Window@sf@@QEAAXXZ)
Engine.lib(Engine.obj) : error LNK2001: unresolved external symbol "__declspec(dllimport) public: bool __cdecl sf::WindowBase::pollEvent(class sf::Event &)" (__imp_?pollEvent@WindowBase@sf@@QEAA_NAEAVEvent@2@@Z)
Engine.lib(Engine.obj) : error LNK2001: unresolved external symbol "__declspec(dllimport) public: void __cdecl sf::RenderTarget::setView(class sf::View const &)" (__imp_?setView@RenderTarget@sf@@QEAAXAEBVView@2@@Z)
Engine.lib(Engine.obj) : error LNK2001: unresolved external symbol "__declspec(dllimport) public: __cdecl sf::View::View(class sf::Rect<float> const &)" (__imp_??0View@sf@@QEAA@AEBV?$Rect@M@1@@Z)
Engine.lib(Engine.obj) : error LNK2001: unresolved external symbol "__declspec(dllimport) public: __cdecl sf::String::~String(void)" (__imp_??1String@sf@@QEAA@XZ)
Engine.lib(Scene.obj) : error LNK2001: unresolved external symbol "__declspec(dllimport) public: __cdecl sf::RectangleShape::RectangleShape(class sf::Vector2<float> const &)" (__imp_??0RectangleShape@sf@@QEAA@AEBV?$Vector2@M@1@@Z)
Engine.lib(Scene.obj) : error LNK2001: unresolved external symbol "__declspec(dllimport) public: void __cdecl sf::RectangleShape::setSize(class sf::Vector2<float> const &)" (__imp_?setSize@RectangleShape@sf@@QEAAXAEBV?$Vector2@M@2@@Z)
Engine.lib(Scene.obj) : error LNK2001: unresolved external symbol "__declspec(dllimport) public: __cdecl sf::View::View(void)" (__imp_??0View@sf@@QEAA@XZ)
Engine.lib(Scene.obj) : error LNK2001: unresolved external symbol "__declspec(dllimport) public: class sf::View const & __cdecl sf::RenderTarget::getView(void)const " (__imp_?getView@RenderTarget@sf@@QEBAAEBVView@2@XZ)
Engine.lib(Scene.obj) : error LNK2001: unresolved external symbol "__declspec(dllimport) public: class sf::Vector2<float> const & __cdecl sf::Transformable::getOrigin(void)const " (__imp_?getOrigin@Transformable@sf@@QEBAAEBV?$Vector2@M@2@XZ)
Engine.lib(Scene.obj) : error LNK2001: unresolved external symbol "__declspec(dllimport) public: class sf::Vector2<float> const & __cdecl sf::Transformable::getPosition(void)const " (__imp_?getPosition@Transformable@sf@@QEBAAEBV?$Vector2@M@2@XZ)
Engine.lib(Scene.obj) : error LNK2001: unresolved external symbol "__declspec(dllimport) public: void __cdecl sf::View::setCenter(class sf::Vector2<float> const &)" (__imp_?setCenter@View@sf@@QEAAXAEBV?$Vector2@M@2@@Z)
Engine.lib(Scene.obj) : error LNK2001: unresolved external symbol "__declspec(dllimport) public: void __cdecl sf::RenderTarget::draw(class sf::Drawable const &,class sf::RenderStates const &)" (__imp_?draw@RenderTarget@sf@@QEAAXAEBVDrawable@2@AEBVRenderStates@2@@Z)
Engine.lib(Scene.obj) : error LNK2001: unresolved external symbol "__declspec(dllimport) public: static class sf::RenderStates const sf::RenderStates::Default" (__imp_?Default@RenderStates@sf@@2V12@B)
Engine.lib(Scene.obj) : error LNK2001: unresolved external symbol "__declspec(dllimport) public: void __cdecl sf::Transformable::setPosition(class sf::Vector2<float> const &)" (__imp_?setPosition@Transformable@sf@@QEAAXAEBV?$Vector2@M@2@@Z)
Engine.lib(Scene.obj) : error LNK2001: unresolved external symbol "__declspec(dllimport) public: class sf::Vector2<float> const & __cdecl sf::View::getCenter(void)const " (__imp_?getCenter@View@sf@@QEBAAEBV?$Vector2@M@2@XZ)
Engine.lib(Scene.obj) : error LNK2001: unresolved external symbol "__declspec(dllimport) public: class sf::Vector2<unsigned int> __cdecl sf::Texture::getSize(void)const " (__imp_?getSize@Texture@sf@@QEBA?AV?$Vector2@I@2@XZ)
Engine.lib(Scene.obj) : error LNK2001: unresolved external symbol "__declspec(dllimport) public: void __cdecl sf::Shape::setTexture(class sf::Texture const *,bool)" (__imp_?setTexture@Shape@sf@@QEAAXPEBVTexture@2@_N@Z)
Engine.lib(Scene.obj) : error LNK2001: unresolved external symbol "__declspec(dllimport) public: void __cdecl sf::Transformable::setScale(class sf::Vector2<float> const &)" (__imp_?setScale@Transformable@sf@@QEAAXAEBV?$Vector2@M@2@@Z)
Engine.lib(Scene.obj) : error LNK2001: unresolved external symbol "__declspec(dllimport) public: void __cdecl sf::Transformable::move(float,float)" (__imp_?move@Transformable@sf@@QEAAXMM@Z)
Engine.lib(Scene.obj) : error LNK2001: unresolved external symbol "__declspec(dllimport) public: virtual __cdecl sf::RectangleShape::~RectangleShape(void)" (__imp_??1RectangleShape@sf@@UEAA@XZ)
Engine.lib(Level.obj) : error LNK2001: unresolved external symbol "__declspec(dllimport) public: __cdecl sf::Texture::Texture(void)" (__imp_??0Texture@sf@@QEAA@XZ)
Engine.lib(Level.obj) : error LNK2001: unresolved external symbol "__declspec(dllimport) public: bool __cdecl sf::Texture::loadFromFile(class std::basic_string<char,struct std::char_traits<char>,class std::allocator<char> > const &,class sf::Rect<int> const &)" (__imp_?loadFromFile@Texture@sf@@QEAA_NAEBV?$basic_string@DU?$char_traits@D@std@@V?$allocator@D@2@@std@@AEBV?$Rect@H@2@@Z)
Engine.lib(Level.obj) : error LNK2001: unresolved external symbol "__declspec(dllimport) public: void __cdecl sf::Transformable::setPosition(float,float)" (__imp_?setPosition@Transformable@sf@@QEAAXMM@Z)
Engine.lib(Level.obj) : error LNK2001: unresolved external symbol "__declspec(dllimport) public: void __cdecl sf::Transformable::setScale(float,float)" (__imp_?setScale@Transformable@sf@@QEAAXMM@Z)
Engine.lib(Level.obj) : error LNK2001: unresolved external symbol "__declspec(dllimport) public: void __cdecl sf::Transformable::setRotation(float)" (__imp_?setRotation@Transformable@sf@@QEAAXM@Z)
Engine.lib(Level.obj) : error LNK2001: unresolved external symbol "__declspec(dllimport) public: class sf::Vector2<float> const & __cdecl sf::RectangleShape::getSize(void)const " (__imp_?getSize@RectangleShape@sf@@QEBAAEBV?$Vector2@M@2@XZ)
Engine.lib(Level.obj) : error LNK2001: unresolved external symbol "__declspec(dllimport) public: class sf::Vector2<float> const & __cdecl sf::Transformable::getScale(void)const " (__imp_?getScale@Transformable@sf@@QEBAAEBV?$Vector2@M@2@XZ)
Engine.lib(Level.obj) : error LNK2001: unresolved external symbol "__declspec(dllimport) private: virtual void __cdecl sf::Shape::draw(class sf::RenderTarget &,class sf::RenderStates)const " (__imp_?draw@Shape@sf@@EEBAXAEAVRenderTarget@2@VRenderStates@2@@Z)
Engine.lib(Level.obj) : error LNK2001: unresolved external symbol "__declspec(dllimport) public: virtual unsigned __int64 __cdecl sf::RectangleShape::getPointCount(void)const " (__imp_?getPointCount@RectangleShape@sf@@UEBA_KXZ)
Engine.lib(Level.obj) : error LNK2001: unresolved external symbol "__declspec(dllimport) public: virtual class sf::Vector2<float> __cdecl sf::RectangleShape::getPoint(unsigned __int64)const " (__imp_?getPoint@RectangleShape@sf@@UEBA?AV?$Vector2@M@2@_K@Z)
Engine.lib(Menu.obj) : error LNK2001: unresolved external symbol "__declspec(dllimport) public: __cdecl sf::Text::Text(void)" (__imp_??0Text@sf@@QEAA@XZ)
Engine.lib(Menu.obj) : error LNK2001: unresolved external symbol "__declspec(dllimport) public: void __cdecl sf::Transformable::setOrigin(float,float)" (__imp_?setOrigin@Transformable@sf@@QEAAXMM@Z)
Engine.lib(Menu.obj) : error LNK2001: unresolved external symbol "__declspec(dllimport) public: __cdecl sf::Font::Font(void)" (__imp_??0Font@sf@@QEAA@XZ)
Engine.lib(Menu.obj) : error LNK2001: unresolved external symbol "__declspec(dllimport) public: bool __cdecl sf::Font::loadFromFile(class std::basic_string<char,struct std::char_traits<char>,class std::allocator<char> > const &)" (__imp_?loadFromFile@Font@sf@@QEAA_NAEBV?$basic_string@DU?$char_traits@D@std@@V?$allocator@D@2@@std@@@Z)
Engine.lib(Menu.obj) : error LNK2001: unresolved external symbol "__declspec(dllimport) public: void __cdecl sf::Transformable::setOrigin(class sf::Vector2<float> const &)" (__imp_?setOrigin@Transformable@sf@@QEAAXAEBV?$Vector2@M@2@@Z)
Engine.lib(Menu.obj) : error LNK2001: unresolved external symbol "__declspec(dllimport) public: void __cdecl sf::Text::setString(class sf::String const &)" (__imp_?setString@Text@sf@@QEAAXAEBVString@2@@Z)
Engine.lib(Menu.obj) : error LNK2001: unresolved external symbol "__declspec(dllimport) public: __cdecl sf::String::String(class std::basic_string<char,struct std::char_traits<char>,class std::allocator<char> > const &,class std::locale const &)" (__imp_??0String@sf@@QEAA@AEBV?$basic_string@DU?$char_traits@D@std@@V?$allocator@D@2@@std@@AEBVlocale@3@@Z)
Engine.lib(Menu.obj) : error LNK2001: unresolved external symbol "__declspec(dllimport) public: void __cdecl sf::Text::setFont(class sf::Font const &)" (__imp_?setFont@Text@sf@@QEAAXAEBVFont@2@@Z)
Engine.lib(Menu.obj) : error LNK2001: unresolved external symbol "__declspec(dllimport) public: void __cdecl sf::Text::setCharacterSize(unsigned int)" (__imp_?setCharacterSize@Text@sf@@QEAAXI@Z)
Engine.lib(Menu.obj) : error LNK2001: unresolved external symbol "__declspec(dllimport) public: virtual __cdecl sf::Text::~Text(void)" (__imp_??1Text@sf@@UEAA@XZ)
Engine.lib(GameObject.obj) : error LNK2001: unresolved external symbol "__declspec(dllimport) public: __cdecl sf::Texture::~Texture(void)" (__imp_??1Texture@sf@@QEAA@XZ)
Engine.lib(AnimationComponent.obj) : error LNK2001: unresolved external symbol "__declspec(dllimport) public: void __cdecl sf::Shape::setTextureRect(class sf::Rect<int> const &)" (__imp_?setTextureRect@Shape@sf@@QEAAXAEBV?$Rect@H@2@@Z)
Engine.lib(AttackObj.obj) : error LNK2001: unresolved external symbol "__declspec(dllimport) public: void __cdecl sf::Transformable::move(class sf::Vector2<float> const &)" (__imp_?move@Transformable@sf@@QEAAXAEBV?$Vector2@M@2@@Z)
Engine.lib(AttackObj.obj) : error LNK2001: unresolved external symbol "__declspec(dllimport) public: class sf::Vector2<float> const & __cdecl sf::View::getSize(void)const " (__imp_?getSize@View@sf@@QEBAAEBV?$Vector2@M@2@XZ)
E:\Uni\CMP316 - engine development\ScribeEngine\CMP316-Coursework\x64\Release\CMP316-Coursework.exe : fatal error LNK1120: 56 unresolved externals
