  pch.cpp
  AnimationComponent.cpp
  AttackComponent.cpp
E:\Uni\CMP316 - engine development\ScribeEngine\CMP316-Coursework\Engine\AttackComponent.cpp(23,14): warning C4553: '==': result of expression not used; did you intend '='?
  (compiling source file '/AttackComponent.cpp')
  
  AttackObj.cpp
  Component.cpp
  Engine.cpp
E:\Uni\CMP316 - engine development\ScribeEngine\CMP316-Coursework\Engine\MenuObject.h(35,19): warning C4305: 'initializing': truncation from 'double' to 'float'
  (compiling source file '/Engine.cpp')
  
E:\Uni\CMP316 - engine development\ScribeEngine\CMP316-Coursework\Engine\Scene.h(36,24): warning C4305: 'initializing': truncation from 'double' to 'float'
  (compiling source file '/Engine.cpp')
  
  FollowMovementComponent.cpp
  GameObject.cpp
  Input.cpp
  Level.cpp
E:\Uni\CMP316 - engine development\ScribeEngine\CMP316-Coursework\Engine\Level.cpp(174,105): warning C4244: 'argument': conversion from 'T' to 'T', possible loss of data
E:\Uni\CMP316 - engine development\ScribeEngine\CMP316-Coursework\Engine\Level.cpp(174,105): warning C4244:         with
E:\Uni\CMP316 - engine development\ScribeEngine\CMP316-Coursework\Engine\Level.cpp(174,105): warning C4244:         [
E:\Uni\CMP316 - engine development\ScribeEngine\CMP316-Coursework\Engine\Level.cpp(174,105): warning C4244:             T=unsigned int
E:\Uni\CMP316 - engine development\ScribeEngine\CMP316-Coursework\Engine\Level.cpp(174,105): warning C4244:         ]
E:\Uni\CMP316 - engine development\ScribeEngine\CMP316-Coursework\Engine\Level.cpp(174,105): warning C4244:         and
E:\Uni\CMP316 - engine development\ScribeEngine\CMP316-Coursework\Engine\Level.cpp(174,105): warning C4244:         [
E:\Uni\CMP316 - engine development\ScribeEngine\CMP316-Coursework\Engine\Level.cpp(174,105): warning C4244:             T=float
E:\Uni\CMP316 - engine development\ScribeEngine\CMP316-Coursework\Engine\Level.cpp(174,105): warning C4244:         ]
  (compiling source file '/Level.cpp')
  
E:\Uni\CMP316 - engine development\ScribeEngine\CMP316-Coursework\Engine\Level.cpp(174,68): warning C4244: 'argument': conversion from 'T' to 'T', possible loss of data
E:\Uni\CMP316 - engine development\ScribeEngine\CMP316-Coursework\Engine\Level.cpp(174,68): warning C4244:         with
E:\Uni\CMP316 - engine development\ScribeEngine\CMP316-Coursework\Engine\Level.cpp(174,68): warning C4244:         [
E:\Uni\CMP316 - engine development\ScribeEngine\CMP316-Coursework\Engine\Level.cpp(174,68): warning C4244:             T=unsigned int
E:\Uni\CMP316 - engine development\ScribeEngine\CMP316-Coursework\Engine\Level.cpp(174,68): warning C4244:         ]
E:\Uni\CMP316 - engine development\ScribeEngine\CMP316-Coursework\Engine\Level.cpp(174,68): warning C4244:         and
E:\Uni\CMP316 - engine development\ScribeEngine\CMP316-Coursework\Engine\Level.cpp(174,68): warning C4244:         [
E:\Uni\CMP316 - engine development\ScribeEngine\CMP316-Coursework\Engine\Level.cpp(174,68): warning C4244:             T=float
E:\Uni\CMP316 - engine development\ScribeEngine\CMP316-Coursework\Engine\Level.cpp(174,68): warning C4244:         ]
  (compiling source file '/Level.cpp')
  
E:\Uni\CMP316 - engine development\ScribeEngine\CMP316-Coursework\Engine\Level.cpp(207,11): warning C4244: '=': conversion from 'float' to 'int', possible loss of data
  (compiling source file '/Level.cpp')
  
E:\Uni\CMP316 - engine development\ScribeEngine\CMP316-Coursework\Engine\Level.cpp(377,55): warning C4244: 'argument': conversion from 'int' to 'T', possible loss of data
E:\Uni\CMP316 - engine development\ScribeEngine\CMP316-Coursework\Engine\Level.cpp(377,55): warning C4244:         with
E:\Uni\CMP316 - engine development\ScribeEngine\CMP316-Coursework\Engine\Level.cpp(377,55): warning C4244:         [
E:\Uni\CMP316 - engine development\ScribeEngine\CMP316-Coursework\Engine\Level.cpp(377,55): warning C4244:             T=float
E:\Uni\CMP316 - engine development\ScribeEngine\CMP316-Coursework\Engine\Level.cpp(377,55): warning C4244:         ]
  (compiling source file '/Level.cpp')
  
E:\Uni\CMP316 - engine development\ScribeEngine\CMP316-Coursework\Engine\Level.cpp(377,44): warning C4244: 'argument': conversion from 'int' to 'T', possible loss of data
E:\Uni\CMP316 - engine development\ScribeEngine\CMP316-Coursework\Engine\Level.cpp(377,44): warning C4244:         with
E:\Uni\CMP316 - engine development\ScribeEngine\CMP316-Coursework\Engine\Level.cpp(377,44): warning C4244:         [
E:\Uni\CMP316 - engine development\ScribeEngine\CMP316-Coursework\Engine\Level.cpp(377,44): warning C4244:             T=float
E:\Uni\CMP316 - engine development\ScribeEngine\CMP316-Coursework\Engine\Level.cpp(377,44): warning C4244:         ]
  (compiling source file '/Level.cpp')
  
C:\Program Files\Microsoft Visual Studio\2022\Community\VC\Tools\MSVC\14.41.34120\include\xutility(403,82): warning C4244: 'argument': conversion from 'int' to 'float', possible loss of data
  (compiling source file '/Level.cpp')
      C:\Program Files\Microsoft Visual Studio\2022\Community\VC\Tools\MSVC\14.41.34120\include\xutility(403,82):
      the template instantiation context (the oldest one first) is
          E:\Uni\CMP316 - engine development\ScribeEngine\CMP316-Coursework\Engine\Level.cpp(251,33):
          see reference to function template instantiation 'std::shared_ptr<PatrolMovementComponent> std::make_shared<PatrolMovementComponent,std::vector<sf::Vector2f,std::allocator<sf::Vector2f>>&,int&>(std::vector<sf::Vector2f,std::allocator<sf::Vector2f>> &,int &)' being compiled
          C:\Program Files\Microsoft Visual Studio\2022\Community\VC\Tools\MSVC\14.41.34120\include\memory(2906,46):
          see reference to function template instantiation 'std::_Ref_count_obj2<PatrolMovementComponent>::_Ref_count_obj2<std::vector<sf::Vector2f,std::allocator<sf::Vector2f>>&,int&>(std::vector<sf::Vector2f,std::allocator<sf::Vector2f>> &,int &)' being compiled
          C:\Program Files\Microsoft Visual Studio\2022\Community\VC\Tools\MSVC\14.41.34120\include\memory(2095,18):
          see reference to function template instantiation 'void std::_Construct_in_place<_Ty,std::vector<sf::Vector2f,std::allocator<sf::Vector2f>>&,int&>(_Ty &,std::vector<sf::Vector2f,std::allocator<sf::Vector2f>> &,int &) noexcept(false)' being compiled
          with
          [
              _Ty=PatrolMovementComponent
          ]
  
  Menu.cpp
E:\Uni\CMP316 - engine development\ScribeEngine\CMP316-Coursework\Engine\MenuObject.h(35,19): warning C4305: 'initializing': truncation from 'double' to 'float'
  (compiling source file '/Menu.cpp')
  
E:\Uni\CMP316 - engine development\ScribeEngine\CMP316-Coursework\Engine\Menu.cpp(3,10): warning C4067: unexpected tokens following preprocessor directive - expected a newline
  (compiling source file '/Menu.cpp')
  
E:\Uni\CMP316 - engine development\ScribeEngine\CMP316-Coursework\Engine\Menu.cpp(54,86): warning C4244: 'argument': conversion from 'T' to 'T', possible loss of data
E:\Uni\CMP316 - engine development\ScribeEngine\CMP316-Coursework\Engine\Menu.cpp(54,86): warning C4244:         with
E:\Uni\CMP316 - engine development\ScribeEngine\CMP316-Coursework\Engine\Menu.cpp(54,86): warning C4244:         [
E:\Uni\CMP316 - engine development\ScribeEngine\CMP316-Coursework\Engine\Menu.cpp(54,86): warning C4244:             T=unsigned int
E:\Uni\CMP316 - engine development\ScribeEngine\CMP316-Coursework\Engine\Menu.cpp(54,86): warning C4244:         ]
E:\Uni\CMP316 - engine development\ScribeEngine\CMP316-Coursework\Engine\Menu.cpp(54,86): warning C4244:         and
E:\Uni\CMP316 - engine development\ScribeEngine\CMP316-Coursework\Engine\Menu.cpp(54,86): warning C4244:         [
E:\Uni\CMP316 - engine development\ScribeEngine\CMP316-Coursework\Engine\Menu.cpp(54,86): warning C4244:             T=float
E:\Uni\CMP316 - engine development\ScribeEngine\CMP316-Coursework\Engine\Menu.cpp(54,86): warning C4244:         ]
  (compiling source file '/Menu.cpp')
  
E:\Uni\CMP316 - engine development\ScribeEngine\CMP316-Coursework\Engine\Menu.cpp(54,57): warning C4244: 'argument': conversion from 'T' to 'T', possible loss of data
E:\Uni\CMP316 - engine development\ScribeEngine\CMP316-Coursework\Engine\Menu.cpp(54,57): warning C4244:         with
E:\Uni\CMP316 - engine development\ScribeEngine\CMP316-Coursework\Engine\Menu.cpp(54,57): warning C4244:         [
E:\Uni\CMP316 - engine development\ScribeEngine\CMP316-Coursework\Engine\Menu.cpp(54,57): warning C4244:             T=unsigned int
E:\Uni\CMP316 - engine development\ScribeEngine\CMP316-Coursework\Engine\Menu.cpp(54,57): warning C4244:         ]
E:\Uni\CMP316 - engine development\ScribeEngine\CMP316-Coursework\Engine\Menu.cpp(54,57): warning C4244:         and
E:\Uni\CMP316 - engine development\ScribeEngine\CMP316-Coursework\Engine\Menu.cpp(54,57): warning C4244:         [
E:\Uni\CMP316 - engine development\ScribeEngine\CMP316-Coursework\Engine\Menu.cpp(54,57): warning C4244:             T=float
E:\Uni\CMP316 - engine development\ScribeEngine\CMP316-Coursework\Engine\Menu.cpp(54,57): warning C4244:         ]
  (compiling source file '/Menu.cpp')
  
E:\Uni\CMP316 - engine development\ScribeEngine\CMP316-Coursework\Engine\Menu.cpp(55,95): warning C4244: 'argument': conversion from 'T' to 'T', possible loss of data
E:\Uni\CMP316 - engine development\ScribeEngine\CMP316-Coursework\Engine\Menu.cpp(55,95): warning C4244:         with
E:\Uni\CMP316 - engine development\ScribeEngine\CMP316-Coursework\Engine\Menu.cpp(55,95): warning C4244:         [
E:\Uni\CMP316 - engine development\ScribeEngine\CMP316-Coursework\Engine\Menu.cpp(55,95): warning C4244:             T=unsigned int
E:\Uni\CMP316 - engine development\ScribeEngine\CMP316-Coursework\Engine\Menu.cpp(55,95): warning C4244:         ]
E:\Uni\CMP316 - engine development\ScribeEngine\CMP316-Coursework\Engine\Menu.cpp(55,95): warning C4244:         and
E:\Uni\CMP316 - engine development\ScribeEngine\CMP316-Coursework\Engine\Menu.cpp(55,95): warning C4244:         [
E:\Uni\CMP316 - engine development\ScribeEngine\CMP316-Coursework\Engine\Menu.cpp(55,95): warning C4244:             T=float
E:\Uni\CMP316 - engine development\ScribeEngine\CMP316-Coursework\Engine\Menu.cpp(55,95): warning C4244:         ]
  (compiling source file '/Menu.cpp')
  
E:\Uni\CMP316 - engine development\ScribeEngine\CMP316-Coursework\Engine\Menu.cpp(55,62): warning C4244: 'argument': conversion from 'T' to 'T', possible loss of data
E:\Uni\CMP316 - engine development\ScribeEngine\CMP316-Coursework\Engine\Menu.cpp(55,62): warning C4244:         with
E:\Uni\CMP316 - engine development\ScribeEngine\CMP316-Coursework\Engine\Menu.cpp(55,62): warning C4244:         [
E:\Uni\CMP316 - engine development\ScribeEngine\CMP316-Coursework\Engine\Menu.cpp(55,62): warning C4244:             T=unsigned int
E:\Uni\CMP316 - engine development\ScribeEngine\CMP316-Coursework\Engine\Menu.cpp(55,62): warning C4244:         ]
E:\Uni\CMP316 - engine development\ScribeEngine\CMP316-Coursework\Engine\Menu.cpp(55,62): warning C4244:         and
E:\Uni\CMP316 - engine development\ScribeEngine\CMP316-Coursework\Engine\Menu.cpp(55,62): warning C4244:         [
E:\Uni\CMP316 - engine development\ScribeEngine\CMP316-Coursework\Engine\Menu.cpp(55,62): warning C4244:             T=float
E:\Uni\CMP316 - engine development\ScribeEngine\CMP316-Coursework\Engine\Menu.cpp(55,62): warning C4244:         ]
  (compiling source file '/Menu.cpp')
  
E:\Uni\CMP316 - engine development\ScribeEngine\CMP316-Coursework\Engine\Menu.cpp(88,33): warning C4244: 'argument': conversion from 'float' to 'unsigned int', possible loss of data
  (compiling source file '/Menu.cpp')
  
E:\Uni\CMP316 - engine development\ScribeEngine\CMP316-Coursework\Engine\Menu.cpp(121,13): warning C4244: '=': conversion from 'int' to 'float', possible loss of data
  (compiling source file '/Menu.cpp')
  
E:\Uni\CMP316 - engine development\ScribeEngine\CMP316-Coursework\Engine\Menu.cpp(123,13): warning C4244: '=': conversion from 'int' to 'float', possible loss of data
  (compiling source file '/Menu.cpp')
  
E:\Uni\CMP316 - engine development\ScribeEngine\CMP316-Coursework\Engine\Menu.cpp(134,87): warning C4244: 'argument': conversion from 'T' to 'T', possible loss of data
E:\Uni\CMP316 - engine development\ScribeEngine\CMP316-Coursework\Engine\Menu.cpp(134,87): warning C4244:         with
E:\Uni\CMP316 - engine development\ScribeEngine\CMP316-Coursework\Engine\Menu.cpp(134,87): warning C4244:         [
E:\Uni\CMP316 - engine development\ScribeEngine\CMP316-Coursework\Engine\Menu.cpp(134,87): warning C4244:             T=unsigned int
E:\Uni\CMP316 - engine development\ScribeEngine\CMP316-Coursework\Engine\Menu.cpp(134,87): warning C4244:         ]
E:\Uni\CMP316 - engine development\ScribeEngine\CMP316-Coursework\Engine\Menu.cpp(134,87): warning C4244:         and
E:\Uni\CMP316 - engine development\ScribeEngine\CMP316-Coursework\Engine\Menu.cpp(134,87): warning C4244:         [
E:\Uni\CMP316 - engine development\ScribeEngine\CMP316-Coursework\Engine\Menu.cpp(134,87): warning C4244:             T=float
E:\Uni\CMP316 - engine development\ScribeEngine\CMP316-Coursework\Engine\Menu.cpp(134,87): warning C4244:         ]
  (compiling source file '/Menu.cpp')
  
E:\Uni\CMP316 - engine development\ScribeEngine\CMP316-Coursework\Engine\Menu.cpp(134,58): warning C4244: 'argument': conversion from 'T' to 'T', possible loss of data
E:\Uni\CMP316 - engine development\ScribeEngine\CMP316-Coursework\Engine\Menu.cpp(134,58): warning C4244:         with
E:\Uni\CMP316 - engine development\ScribeEngine\CMP316-Coursework\Engine\Menu.cpp(134,58): warning C4244:         [
E:\Uni\CMP316 - engine development\ScribeEngine\CMP316-Coursework\Engine\Menu.cpp(134,58): warning C4244:             T=unsigned int
E:\Uni\CMP316 - engine development\ScribeEngine\CMP316-Coursework\Engine\Menu.cpp(134,58): warning C4244:         ]
E:\Uni\CMP316 - engine development\ScribeEngine\CMP316-Coursework\Engine\Menu.cpp(134,58): warning C4244:         and
E:\Uni\CMP316 - engine development\ScribeEngine\CMP316-Coursework\Engine\Menu.cpp(134,58): warning C4244:         [
E:\Uni\CMP316 - engine development\ScribeEngine\CMP316-Coursework\Engine\Menu.cpp(134,58): warning C4244:             T=float
E:\Uni\CMP316 - engine development\ScribeEngine\CMP316-Coursework\Engine\Menu.cpp(134,58): warning C4244:         ]
  (compiling source file '/Menu.cpp')
  
E:\Uni\CMP316 - engine development\ScribeEngine\CMP316-Coursework\Engine\Menu.cpp(135,96): warning C4244: 'argument': conversion from 'T' to 'T', possible loss of data
E:\Uni\CMP316 - engine development\ScribeEngine\CMP316-Coursework\Engine\Menu.cpp(135,96): warning C4244:         with
E:\Uni\CMP316 - engine development\ScribeEngine\CMP316-Coursework\Engine\Menu.cpp(135,96): warning C4244:         [
E:\Uni\CMP316 - engine development\ScribeEngine\CMP316-Coursework\Engine\Menu.cpp(135,96): warning C4244:             T=unsigned int
E:\Uni\CMP316 - engine development\ScribeEngine\CMP316-Coursework\Engine\Menu.cpp(135,96): warning C4244:         ]
E:\Uni\CMP316 - engine development\ScribeEngine\CMP316-Coursework\Engine\Menu.cpp(135,96): warning C4244:         and
E:\Uni\CMP316 - engine development\ScribeEngine\CMP316-Coursework\Engine\Menu.cpp(135,96): warning C4244:         [
E:\Uni\CMP316 - engine development\ScribeEngine\CMP316-Coursework\Engine\Menu.cpp(135,96): warning C4244:             T=float
E:\Uni\CMP316 - engine development\ScribeEngine\CMP316-Coursework\Engine\Menu.cpp(135,96): warning C4244:         ]
  (compiling source file '/Menu.cpp')
  
E:\Uni\CMP316 - engine development\ScribeEngine\CMP316-Coursework\Engine\Menu.cpp(135,63): warning C4244: 'argument': conversion from 'T' to 'T', possible loss of data
E:\Uni\CMP316 - engine development\ScribeEngine\CMP316-Coursework\Engine\Menu.cpp(135,63): warning C4244:         with
E:\Uni\CMP316 - engine development\ScribeEngine\CMP316-Coursework\Engine\Menu.cpp(135,63): warning C4244:         [
E:\Uni\CMP316 - engine development\ScribeEngine\CMP316-Coursework\Engine\Menu.cpp(135,63): warning C4244:             T=unsigned int
E:\Uni\CMP316 - engine development\ScribeEngine\CMP316-Coursework\Engine\Menu.cpp(135,63): warning C4244:         ]
E:\Uni\CMP316 - engine development\ScribeEngine\CMP316-Coursework\Engine\Menu.cpp(135,63): warning C4244:         and
E:\Uni\CMP316 - engine development\ScribeEngine\CMP316-Coursework\Engine\Menu.cpp(135,63): warning C4244:         [
E:\Uni\CMP316 - engine development\ScribeEngine\CMP316-Coursework\Engine\Menu.cpp(135,63): warning C4244:             T=float
E:\Uni\CMP316 - engine development\ScribeEngine\CMP316-Coursework\Engine\Menu.cpp(135,63): warning C4244:         ]
  (compiling source file '/Menu.cpp')
  
E:\Uni\CMP316 - engine development\ScribeEngine\CMP316-Coursework\Engine\Menu.cpp(147,13): warning C4244: '=': conversion from 'int' to 'float', possible loss of data
  (compiling source file '/Menu.cpp')
  
E:\Uni\CMP316 - engine development\ScribeEngine\CMP316-Coursework\Engine\Menu.cpp(149,13): warning C4244: '=': conversion from 'int' to 'float', possible loss of data
  (compiling source file '/Menu.cpp')
  
E:\Uni\CMP316 - engine development\ScribeEngine\CMP316-Coursework\Engine\Menu.cpp(154,13): warning C4244: '=': conversion from 'int' to 'float', possible loss of data
  (compiling source file '/Menu.cpp')
  
E:\Uni\CMP316 - engine development\ScribeEngine\CMP316-Coursework\Engine\Menu.cpp(156,13): warning C4244: '=': conversion from 'int' to 'float', possible loss of data
  (compiling source file '/Menu.cpp')
  
E:\Uni\CMP316 - engine development\ScribeEngine\CMP316-Coursework\Engine\Menu.cpp(158,34): warning C4244: 'argument': conversion from 'float' to 'unsigned int', possible loss of data
  (compiling source file '/Menu.cpp')
  
  MenuMaker.cpp
  MenuObject.cpp
E:\Uni\CMP316 - engine development\ScribeEngine\CMP316-Coursework\Engine\MenuObject.h(35,19): warning C4305: 'initializing': truncation from 'double' to 'float'
  (compiling source file '/MenuObject.cpp')
  
  PatrolMovementComponent.cpp
  PlayerMovementComponent.cpp
  ObjectMaker.cpp
E:\Uni\CMP316 - engine development\ScribeEngine\CMP316-Coursework\Engine\ObjectMaker.cpp(67,35): warning C4311: '<function-style-cast>': pointer truncation from 'bool *' to 'int'
  (compiling source file '/ObjectMaker.cpp')
  
E:\Uni\CMP316 - engine development\ScribeEngine\CMP316-Coursework\Engine\ObjectMaker.cpp(67,35): warning C4302: '<function-style-cast>': truncation from 'bool *' to 'int'
  (compiling source file '/ObjectMaker.cpp')
  
  Scene.cpp
E:\Uni\CMP316 - engine development\ScribeEngine\CMP316-Coursework\Engine\MenuObject.h(35,19): warning C4305: 'initializing': truncation from 'double' to 'float'
  (compiling source file '/Scene.cpp')
  
E:\Uni\CMP316 - engine development\ScribeEngine\CMP316-Coursework\Engine\Scene.h(36,24): warning C4305: 'initializing': truncation from 'double' to 'float'
  (compiling source file '/Scene.cpp')
  
E:\Uni\CMP316 - engine development\ScribeEngine\CMP316-Coursework\Engine\Scene.cpp(325,81): warning C4244: 'argument': conversion from 'double' to 'T', possible loss of data
E:\Uni\CMP316 - engine development\ScribeEngine\CMP316-Coursework\Engine\Scene.cpp(325,81): warning C4244:         with
E:\Uni\CMP316 - engine development\ScribeEngine\CMP316-Coursework\Engine\Scene.cpp(325,81): warning C4244:         [
E:\Uni\CMP316 - engine development\ScribeEngine\CMP316-Coursework\Engine\Scene.cpp(325,81): warning C4244:             T=float
E:\Uni\CMP316 - engine development\ScribeEngine\CMP316-Coursework\Engine\Scene.cpp(325,81): warning C4244:         ]
  (compiling source file '/Scene.cpp')
  
E:\Uni\CMP316 - engine development\ScribeEngine\CMP316-Coursework\Engine\Scene.cpp(326,103): warning C4244: 'argument': conversion from 'T' to 'T', possible loss of data
E:\Uni\CMP316 - engine development\ScribeEngine\CMP316-Coursework\Engine\Scene.cpp(326,103): warning C4244:         with
E:\Uni\CMP316 - engine development\ScribeEngine\CMP316-Coursework\Engine\Scene.cpp(326,103): warning C4244:         [
E:\Uni\CMP316 - engine development\ScribeEngine\CMP316-Coursework\Engine\Scene.cpp(326,103): warning C4244:             T=unsigned int
E:\Uni\CMP316 - engine development\ScribeEngine\CMP316-Coursework\Engine\Scene.cpp(326,103): warning C4244:         ]
E:\Uni\CMP316 - engine development\ScribeEngine\CMP316-Coursework\Engine\Scene.cpp(326,103): warning C4244:         and
E:\Uni\CMP316 - engine development\ScribeEngine\CMP316-Coursework\Engine\Scene.cpp(326,103): warning C4244:         [
E:\Uni\CMP316 - engine development\ScribeEngine\CMP316-Coursework\Engine\Scene.cpp(326,103): warning C4244:             T=float
E:\Uni\CMP316 - engine development\ScribeEngine\CMP316-Coursework\Engine\Scene.cpp(326,103): warning C4244:         ]
  (compiling source file '/Scene.cpp')
  
E:\Uni\CMP316 - engine development\ScribeEngine\CMP316-Coursework\Engine\Scene.cpp(326,68): warning C4244: 'argument': conversion from 'T' to 'T', possible loss of data
E:\Uni\CMP316 - engine development\ScribeEngine\CMP316-Coursework\Engine\Scene.cpp(326,68): warning C4244:         with
E:\Uni\CMP316 - engine development\ScribeEngine\CMP316-Coursework\Engine\Scene.cpp(326,68): warning C4244:         [
E:\Uni\CMP316 - engine development\ScribeEngine\CMP316-Coursework\Engine\Scene.cpp(326,68): warning C4244:             T=unsigned int
E:\Uni\CMP316 - engine development\ScribeEngine\CMP316-Coursework\Engine\Scene.cpp(326,68): warning C4244:         ]
E:\Uni\CMP316 - engine development\ScribeEngine\CMP316-Coursework\Engine\Scene.cpp(326,68): warning C4244:         and
E:\Uni\CMP316 - engine development\ScribeEngine\CMP316-Coursework\Engine\Scene.cpp(326,68): warning C4244:         [
E:\Uni\CMP316 - engine development\ScribeEngine\CMP316-Coursework\Engine\Scene.cpp(326,68): warning C4244:             T=float
E:\Uni\CMP316 - engine development\ScribeEngine\CMP316-Coursework\Engine\Scene.cpp(326,68): warning C4244:         ]
  (compiling source file '/Scene.cpp')
  
E:\Uni\CMP316 - engine development\ScribeEngine\CMP316-Coursework\Engine\Scene.cpp(413,20): warning C4305: 'initializing': truncation from 'double' to 'float'
  (compiling source file '/Scene.cpp')
  
  Engine.vcxproj -> E:\Uni\CMP316 - engine development\ScribeEngine\CMP316-Coursework\x64\Release\Engine.lib
